<?xml version="1.0" encoding="UTF-8"?>
<testsuite xmlns:xsi="http://www.w3.org/2001/XMLSchema-instance" xsi:noNamespaceSchemaLocation="https://maven.apache.org/surefire/maven-surefire-plugin/xsd/surefire-test-report.xsd" name="com.example.warehousemanagement.MainTest" time="0.036" tests="12" errors="0" skipped="0" failures="0">
  <properties>
[...]
</properties>
  <testcase name="testAddWarehouseLocation" classname="com.example.warehousemanagement.MainTest" time="0.003"/>
  <testcase name="testDeleteOrder" classname="com.example.warehousemanagement.MainTest" time="0"/>
  <testcase name="testAddItem" classname="com.example.warehousemanagement.MainTest" time="0"/>
  <testcase name="testUpdateOrder" classname="com.example.warehousemanagement.MainTest" time="0.001"/>
  <testcase name="testAddCustomer" classname="com.example.warehousemanagement.MainTest" time="0"/>
  <testcase name="testUpdateItem" classname="com.example.warehousemanagement.MainTest" time="0.001"/>
  <testcase name="testAddOrder" classname="com.example.warehousemanagement.MainTest" time="0"/>
  <testcase name="testUpdateCustomer" classname="com.example.warehousemanagement.MainTest" time="0.001"/>
  <testcase name="testUpdateWarehouseLocation" classname="com.example.warehousemanagement.MainTest" time="0"/>
  <testcase name="testDeleteItem" classname="com.example.warehousemanagement.MainTest" time="0.002"/>
  <testcase name="testDeleteCustomer" classname="com.example.warehousemanagement.MainTest" time="0.001"/>
  <testcase name="testDeleteWarehouseLocation" classname="com.example.warehousemanagement.MainTest" time="0.001"/>
</testsuite>