<?xml version="1.0" encoding="UTF-8"?>
<testsuite xmlns:xsi="http://www.w3.org/2001/XMLSchema-instance" xsi:noNamespaceSchemaLocation="https://maven.apache.org/surefire/maven-surefire-plugin/xsd/surefire-test-report.xsd" name="com.example.library.LibraryManagerTest" time="0.035" tests="4" errors="0" skipped="0" failures="0">
  <properties>
[...]
</properties>
  <testcase name="testUpdateBookDetails" classname="com.example.library.LibraryManagerTest" time="0.006"/>
  <testcase name="testAddBook" classname="com.example.library.LibraryManagerTest" time="0"/>
  <testcase name="testSearchByTitle" classname="com.example.library.LibraryManagerTest" time="0"/>
  <testcase name="testUpdateBookDetailsNonExistingBook" classname="com.example.library.LibraryManagerTest" time="0"/>
</testsuite>